<?xml version="1.0" encoding="UTF-8"?>
<testsuite name="com.example.demo.service.RecommendServiceTest" tests="3" skipped="0" failures="0" errors="0" timestamp="2025-03-18T07:55:54.782Z" hostname="갤럭시북" time="0.072">
  <properties/>
  <testcase name="getLowestPriceBrand_ShouldReturnBrandWithLowestTotalPrice()" classname="com.example.demo.service.RecommendServiceTest" time="0.061"/>
  <testcase name="getLowestPriceItem_ShouldReturnLowestPriceData()" classname="com.example.demo.service.RecommendServiceTest" time="0.004"/>
  <testcase name="getCategoryPrice_ShouldReturnMinAndMaxPriceItems()" classname="com.example.demo.service.RecommendServiceTest" time="0.006"/>
  <system-out><![CDATA[]]></system-out>
  <system-err><![CDATA[]]></system-err>
</testsuite>
