<?xml version="1.0" encoding="UTF-8"?>
<testsuite name="com.example.demo.service.BrandServiceTest" tests="4" skipped="0" failures="0" errors="0" timestamp="2025-03-18T07:55:54.405Z" hostname="갤럭시북" time="0.263">
  <properties/>
  <testcase name="setBrand_ShouldUpdateBrand()" classname="com.example.demo.service.BrandServiceTest" time="0.223"/>
  <testcase name="deleteBrand_ShouldDeleteBrand()" classname="com.example.demo.service.BrandServiceTest" time="0.005"/>
  <testcase name="getBrand_ShouldReturnBrandInfo()" classname="com.example.demo.service.BrandServiceTest" time="0.018"/>
  <testcase name="addBrand_ShouldValidateAndAddBrands()" classname="com.example.demo.service.BrandServiceTest" time="0.013"/>
  <system-out><![CDATA[]]></system-out>
  <system-err><![CDATA[]]></system-err>
</testsuite>
