<?xml version="1.0" encoding="UTF-8"?>
<testsuite name="com.example.demo.service.ItemServiceTest" tests="6" skipped="0" failures="0" errors="0" timestamp="2025-03-18T07:55:54.713Z" hostname="갤럭시북" time="0.067">
  <properties/>
  <testcase name="getItemInfoByCategoryName_ShouldReturnItemList()" classname="com.example.demo.service.ItemServiceTest" time="0.052"/>
  <testcase name="addItem_ShouldValidateAndAddItems()" classname="com.example.demo.service.ItemServiceTest" time="0.005"/>
  <testcase name="setItem_ShouldUpdateItem()" classname="com.example.demo.service.ItemServiceTest" time="0.002"/>
  <testcase name="deleteItem_ShouldDeleteItem()" classname="com.example.demo.service.ItemServiceTest" time="0.003"/>
  <testcase name="getItem_ShouldReturnItemInfo()" classname="com.example.demo.service.ItemServiceTest" time="0.002"/>
  <testcase name="getItemInfoByBrandCode_ShouldReturnItemList()" classname="com.example.demo.service.ItemServiceTest" time="0.002"/>
  <system-out><![CDATA[]]></system-out>
  <system-err><![CDATA[]]></system-err>
</testsuite>
