<?xml version="1.0" encoding="UTF-8"?>
<testsuite name="com.example.demo.service.RecommendServiceTest" tests="3" skipped="0" failures="0" errors="0" timestamp="2025-03-20T15:38:15.856Z" hostname="갤럭시북" time="0.086">
  <properties/>
  <testcase name="getLowestPriceBrand_ShouldReturnLowestPriceBrand()" classname="com.example.demo.service.RecommendServiceTest" time="0.074"/>
  <testcase name="getCategoryPrice_ShouldReturnMinMaxPriceItems()" classname="com.example.demo.service.RecommendServiceTest" time="0.009"/>
  <testcase name="getLowestPriceItem_ShouldReturnLowestPriceItems()" classname="com.example.demo.service.RecommendServiceTest" time="0.003"/>
  <system-out><![CDATA[]]></system-out>
  <system-err><![CDATA[]]></system-err>
</testsuite>
