<?xml version="1.0" encoding="UTF-8"?>
<testsuite name="com.example.demo.service.CategoryServiceTest" tests="1" skipped="0" failures="0" errors="0" timestamp="2025-03-20T15:38:15.708Z" hostname="갤럭시북" time="0.039">
  <properties/>
  <testcase name="addCategory_ShouldValidateAndAddCategories()" classname="com.example.demo.service.CategoryServiceTest" time="0.039"/>
  <system-out><![CDATA[]]></system-out>
  <system-err><![CDATA[]]></system-err>
</testsuite>
